<?xml version="1.0" encoding="UTF-8"?>
<testng-results ignored="0" total="1" passed="1" failed="0" skipped="0">
  <reporter-output>
  </reporter-output>
  <suite started-at="2019-05-20T08:55:11Z" name="Default suite" finished-at="2019-05-20T08:55:12Z" duration-ms="62">
    <groups>
    </groups>
    <test started-at="2019-05-20T08:55:11Z" name="Default test" finished-at="2019-05-20T08:55:12Z" duration-ms="62">
      <class name="exceptionHandling.Ex1">
        <test-method signature="test()[pri:0, instance:exceptionHandling.Ex1@b2c9a9c]" started-at="2019-05-20T08:55:11Z" name="test" finished-at="2019-05-20T08:55:11Z" duration-ms="15" status="PASS">
          <reporter-output>
          </reporter-output>
        </test-method> <!-- test -->
      </class> <!-- exceptionHandling.Ex1 -->
    </test> <!-- Default test -->
  </suite> <!-- Default suite -->
</testng-results>
