<?xml version="1.0" encoding="UTF-8"?>
<testng-results ignored="0" total="3" passed="3" failed="0" skipped="0">
  <reporter-output>
  </reporter-output>
  <suite started-at="2019-03-11T14:21:55Z" name="Suite" finished-at="2019-03-11T14:23:15Z" duration-ms="79911">
    <groups>
    </groups>
    <test started-at="2019-03-11T14:21:55Z" name="Test" finished-at="2019-03-11T14:23:15Z" duration-ms="79911">
      <class name="com.vTiger.testscripts.CeateProductTest">
        <test-method is-config="true" signature="configBC()[pri:0, instance:com.vTiger.testscripts.CeateProductTest@3c3d9b6b]" started-at="2019-03-11T14:22:24Z" name="configBC" finished-at="2019-03-11T14:22:33Z" duration-ms="8577" status="PASS">
          <reporter-output>
          </reporter-output>
        </test-method> <!-- configBC -->
        <test-method is-config="true" signature="configBM()[pri:0, instance:com.vTiger.testscripts.CeateProductTest@3c3d9b6b]" started-at="2019-03-11T14:22:33Z" name="configBM" finished-at="2019-03-11T14:22:38Z" duration-ms="5567" status="PASS">
          <reporter-output>
          </reporter-output>
        </test-method> <!-- configBM -->
        <test-method signature="createProductTest()[pri:0, instance:com.vTiger.testscripts.CeateProductTest@3c3d9b6b]" started-at="2019-03-11T14:22:38Z" name="createProductTest" finished-at="2019-03-11T14:22:50Z" duration-ms="11191" status="PASS">
          <reporter-output>
          </reporter-output>
        </test-method> <!-- createProductTest -->
        <test-method is-config="true" signature="configAM()[pri:0, instance:com.vTiger.testscripts.CeateProductTest@3c3d9b6b]" started-at="2019-03-11T14:22:50Z" name="configAM" finished-at="2019-03-11T14:22:53Z" duration-ms="3556" status="PASS">
          <reporter-output>
          </reporter-output>
        </test-method> <!-- configAM -->
        <test-method is-config="true" signature="configBM()[pri:0, instance:com.vTiger.testscripts.CeateProductTest@3c3d9b6b]" started-at="2019-03-11T14:22:53Z" name="configBM" finished-at="2019-03-11T14:22:58Z" duration-ms="4801" status="PASS">
          <reporter-output>
          </reporter-output>
        </test-method> <!-- configBM -->
        <test-method signature="editProductTest()[pri:0, instance:com.vTiger.testscripts.CeateProductTest@3c3d9b6b]" started-at="2019-03-11T14:22:58Z" name="editProductTest" finished-at="2019-03-11T14:23:10Z" duration-ms="11887" status="PASS">
          <reporter-output>
          </reporter-output>
        </test-method> <!-- editProductTest -->
        <test-method is-config="true" signature="configAM()[pri:0, instance:com.vTiger.testscripts.CeateProductTest@3c3d9b6b]" started-at="2019-03-11T14:23:10Z" name="configAM" finished-at="2019-03-11T14:23:14Z" duration-ms="3619" status="PASS">
          <reporter-output>
          </reporter-output>
        </test-method> <!-- configAM -->
        <test-method is-config="true" signature="configAC()[pri:0, instance:com.vTiger.testscripts.CeateProductTest@3c3d9b6b]" started-at="2019-03-11T14:23:14Z" name="configAC" finished-at="2019-03-11T14:23:15Z" duration-ms="1842" status="PASS">
          <reporter-output>
          </reporter-output>
        </test-method> <!-- configAC -->
      </class> <!-- com.vTiger.testscripts.CeateProductTest -->
      <class name="com.vTiger.testscripts.FilterTest">
        <test-method is-config="true" signature="configBC()[pri:0, instance:com.vTiger.testscripts.FilterTest@158a8276]" started-at="2019-03-11T14:21:55Z" name="configBC" finished-at="2019-03-11T14:22:05Z" duration-ms="9588" status="PASS">
          <reporter-output>
          </reporter-output>
        </test-method> <!-- configBC -->
        <test-method is-config="true" signature="configBM()[pri:0, instance:com.vTiger.testscripts.FilterTest@158a8276]" started-at="2019-03-11T14:22:05Z" name="configBM" finished-at="2019-03-11T14:22:10Z" duration-ms="5331" status="PASS">
          <reporter-output>
          </reporter-output>
        </test-method> <!-- configBM -->
        <test-method signature="createFilter()[pri:0, instance:com.vTiger.testscripts.FilterTest@158a8276]" started-at="2019-03-11T14:22:10Z" name="createFilter" finished-at="2019-03-11T14:22:19Z" duration-ms="8679" status="PASS">
          <reporter-output>
          </reporter-output>
        </test-method> <!-- createFilter -->
        <test-method is-config="true" signature="configAM()[pri:0, instance:com.vTiger.testscripts.FilterTest@158a8276]" started-at="2019-03-11T14:22:19Z" name="configAM" finished-at="2019-03-11T14:22:23Z" duration-ms="3450" status="PASS">
          <reporter-output>
          </reporter-output>
        </test-method> <!-- configAM -->
        <test-method is-config="true" signature="configAC()[pri:0, instance:com.vTiger.testscripts.FilterTest@158a8276]" started-at="2019-03-11T14:22:23Z" name="configAC" finished-at="2019-03-11T14:22:24Z" duration-ms="1779" status="PASS">
          <reporter-output>
          </reporter-output>
        </test-method> <!-- configAC -->
      </class> <!-- com.vTiger.testscripts.FilterTest -->
    </test> <!-- Test -->
  </suite> <!-- Suite -->
</testng-results>
