<?xml version="1.0" encoding="UTF-8"?>
<testng-results ignored="0" total="1" passed="1" failed="0" skipped="0">
  <reporter-output>
  </reporter-output>
  <suite started-at="2019-05-28T05:59:35Z" name="Default suite" finished-at="2019-05-28T05:59:36Z" duration-ms="865">
    <groups>
    </groups>
    <test started-at="2019-05-28T05:59:35Z" name="Default test" finished-at="2019-05-28T05:59:36Z" duration-ms="865">
      <class name="extentrep.Extent1">
        <test-method signature="run()[pri:0, instance:extentrep.Extent1@2aceadd4]" started-at="2019-05-28T05:59:35Z" name="run" finished-at="2019-05-28T05:59:36Z" duration-ms="817" status="PASS">
          <reporter-output>
          </reporter-output>
        </test-method> <!-- run -->
      </class> <!-- extentrep.Extent1 -->
    </test> <!-- Default test -->
  </suite> <!-- Default suite -->
</testng-results>
