<?xml version="1.0" encoding="UTF-8"?>
<testng-results ignored="0" total="1" passed="1" failed="0" skipped="0">
  <reporter-output>
  </reporter-output>
  <suite started-at="2019-04-25T10:27:25Z" name="Default suite" finished-at="2019-04-25T10:27:53Z" duration-ms="27512">
    <groups>
    </groups>
    <test started-at="2019-04-25T10:27:25Z" name="Default test" finished-at="2019-04-25T10:27:53Z" duration-ms="27512">
      <class name="seleniumHQ.GetTitle">
        <test-method signature="getTitle()[pri:0, instance:seleniumHQ.GetTitle@2aceadd4]" started-at="2019-04-25T10:27:25Z" name="getTitle" finished-at="2019-04-25T10:27:53Z" duration-ms="27449" status="PASS">
          <reporter-output>
          </reporter-output>
        </test-method> <!-- getTitle -->
      </class> <!-- seleniumHQ.GetTitle -->
    </test> <!-- Default test -->
  </suite> <!-- Default suite -->
</testng-results>
