<?xml version="1.0" encoding="UTF-8"?>
<testng-results ignored="0" total="1" passed="1" failed="0" skipped="0">
  <reporter-output>
  </reporter-output>
  <suite started-at="2019-05-09T05:54:00Z" name="Default suite" finished-at="2019-05-09T05:54:00Z" duration-ms="47">
    <groups>
    </groups>
    <test started-at="2019-05-09T05:54:00Z" name="Default test" finished-at="2019-05-09T05:54:00Z" duration-ms="47">
      <class name="practice.VerifyIP">
        <test-method signature="verify()[pri:0, instance:practice.VerifyIP@f5958c9]" started-at="2019-05-09T05:54:00Z" name="verify" finished-at="2019-05-09T05:54:00Z" duration-ms="16" status="PASS">
          <reporter-output>
          </reporter-output>
        </test-method> <!-- verify -->
      </class> <!-- practice.VerifyIP -->
    </test> <!-- Default test -->
  </suite> <!-- Default suite -->
</testng-results>
